<?xml version="1.0" encoding="UTF-8"?>
<!-- Generated by org.testng.reporters.JUnitXMLReporter -->
<testsuite hostname="Admin_SRV-PC" ignored="0" name="Testff" tests="17" failures="0" timestamp="2022-06-04T10:08:59 IST" time="143.269" errors="0">
  <testcase name="@BeforeTest setup" time="143.085" classname="tests.exceldatalogin">
    <failure type="org.openqa.selenium.SessionNotCreatedException" message="Could not start a new session. Response code 500. Message: No connection could be made because the target machine actively refused it. (os error 10061)
Build info: version: &amp;apos;4.1.3&amp;apos;, revision: &amp;apos;7b1ebf28ef&amp;apos;
System info: host: &amp;apos;ADMIN_SRV-PC&amp;apos;, ip: &amp;apos;192.168.88.1&amp;apos;, os.name: &amp;apos;Windows 7&amp;apos;, os.arch: &amp;apos;x86&amp;apos;, os.version: &amp;apos;6.1&amp;apos;, java.version: &amp;apos;1.8.0_321&amp;apos;
Driver info: org.openqa.selenium.firefox.FirefoxDriver
Command: [null, newSession {capabilities=[Capabilities {acceptInsecureCerts: true, browserName: firefox, moz:debuggerAddress: true, moz:firefoxOptions: {}}], desiredCapabilities=Capabilities {acceptInsecureCerts: true, browserName: firefox, moz:debuggerAddress: true, moz:firefoxOptions: {}}}]">
      <![CDATA[org.openqa.selenium.SessionNotCreatedException: Could not start a new session. Response code 500. Message: No connection could be made because the target machine actively refused it. (os error 10061)
Build info: version: '4.1.3', revision: '7b1ebf28ef'
System info: host: 'ADMIN_SRV-PC', ip: '192.168.88.1', os.name: 'Windows 7', os.arch: 'x86', os.version: '6.1', java.version: '1.8.0_321'
Driver info: org.openqa.selenium.firefox.FirefoxDriver
Command: [null, newSession {capabilities=[Capabilities {acceptInsecureCerts: true, browserName: firefox, moz:debuggerAddress: true, moz:firefoxOptions: {}}], desiredCapabilities=Capabilities {acceptInsecureCerts: true, browserName: firefox, moz:debuggerAddress: true, moz:firefoxOptions: {}}}]
at org.openqa.selenium.remote.ProtocolHandshake.createSession(ProtocolHandshake.java:126)
at org.openqa.selenium.remote.ProtocolHandshake.createSession(ProtocolHandshake.java:84)
at org.openqa.selenium.remote.ProtocolHandshake.createSession(ProtocolHandshake.java:62)
at org.openqa.selenium.remote.HttpCommandExecutor.execute(HttpCommandExecutor.java:156)
at org.openqa.selenium.remote.service.DriverCommandExecutor.invokeExecute(DriverCommandExecutor.java:167)
at org.openqa.selenium.remote.service.DriverCommandExecutor.execute(DriverCommandExecutor.java:142)
at org.openqa.selenium.remote.RemoteWebDriver.execute(RemoteWebDriver.java:567)
at org.openqa.selenium.remote.RemoteWebDriver.startSession(RemoteWebDriver.java:248)
at org.openqa.selenium.remote.RemoteWebDriver.<init>(RemoteWebDriver.java:164)
at org.openqa.selenium.firefox.FirefoxDriver.<init>(FirefoxDriver.java:118)
at org.openqa.selenium.firefox.FirefoxDriver.<init>(FirefoxDriver.java:106)
at org.openqa.selenium.firefox.FirefoxDriver.<init>(FirefoxDriver.java:86)
at tests.exceldatalogin.setup(exceldatalogin.java:36)
at java.util.concurrent.FutureTask.run(Unknown Source)
at java.util.concurrent.ThreadPoolExecutor.runWorker(Unknown Source)
at java.util.concurrent.ThreadPoolExecutor$Worker.run(Unknown Source)
at java.lang.Thread.run(Unknown Source)
... Removed 15 stack frames]]>
    </failure>
  </testcase> <!-- @BeforeTest setup -->
  <testcase name="@AfterTest teardown" time="-1.654317539384E9" classname="tests.exceldatalogin">
    <skipped/>
  </testcase> <!-- @AfterTest teardown -->
  <testcase name="finaldata" time="0.0" classname="tests.exceldatalogin">
    <skipped/>
  </testcase> <!-- finaldata -->
  <testcase name="finaldata" time="0.0" classname="tests.exceldatalogin">
    <skipped/>
  </testcase> <!-- finaldata -->
  <testcase name="finaldata" time="0.0" classname="tests.exceldatalogin">
    <skipped/>
  </testcase> <!-- finaldata -->
  <testcase name="finaldata" time="0.0" classname="tests.exceldatalogin">
    <skipped/>
  </testcase> <!-- finaldata -->
  <testcase name="finaldata" time="0.0" classname="tests.exceldatalogin">
    <skipped/>
  </testcase> <!-- finaldata -->
  <testcase name="finaldata" time="0.0" classname="tests.exceldatalogin">
    <skipped/>
  </testcase> <!-- finaldata -->
  <testcase name="finaldata" time="0.0" classname="tests.exceldatalogin">
    <skipped/>
  </testcase> <!-- finaldata -->
  <testcase name="finaldata" time="0.0" classname="tests.exceldatalogin">
    <skipped/>
  </testcase> <!-- finaldata -->
  <testcase name="finaldata" time="0.0" classname="tests.exceldatalogin">
    <skipped/>
  </testcase> <!-- finaldata -->
  <testcase name="finaldata" time="0.0" classname="tests.exceldatalogin">
    <skipped/>
  </testcase> <!-- finaldata -->
  <testcase name="finaldata" time="0.0" classname="tests.exceldatalogin">
    <skipped/>
  </testcase> <!-- finaldata -->
  <testcase name="finaldata" time="0.0" classname="tests.exceldatalogin">
    <skipped/>
  </testcase> <!-- finaldata -->
  <testcase name="finaldata" time="0.0" classname="tests.exceldatalogin">
    <skipped/>
  </testcase> <!-- finaldata -->
  <testcase name="finaldata" time="0.0" classname="tests.exceldatalogin">
    <skipped/>
  </testcase> <!-- finaldata -->
  <testcase name="finaldata" time="0.0" classname="tests.exceldatalogin">
    <skipped/>
  </testcase> <!-- finaldata -->
  <testcase name="finaldata" time="0.0" classname="tests.exceldatalogin">
    <skipped/>
  </testcase> <!-- finaldata -->
  <testcase name="finaldata" time="0.0" classname="tests.exceldatalogin">
    <skipped/>
  </testcase> <!-- finaldata -->
</testsuite> <!-- Testff -->
