<?xml version="1.0" encoding="UTF-8"?>
<!-- Generated by org.testng.reporters.JUnitXMLReporter -->
<testsuite hostname="Admin_SRV-PC" ignored="0" name="Default test" tests="8" failures="0" timestamp="2022-06-04T16:43:25 IST" time="0.141" errors="0">
  <testcase name="alphanumeric" time="0.032" classname="javaprogram.pattern"/>
  <testcase name="completepyramide" time="0.032" classname="javaprogram.pattern"/>
  <testcase name="leftsidebottompatrn" time="0.0" classname="javaprogram.pattern"/>
  <testcase name="leftsidecompletepatrn" time="0.0" classname="javaprogram.pattern"/>
  <testcase name="lefttringle" time="0.015" classname="javaprogram.pattern"/>
  <testcase name="makerighttringle" time="0.0" classname="javaprogram.pattern"/>
  <testcase name="rightbottom" time="0.0" classname="javaprogram.pattern"/>
  <testcase name="righttringle" time="0.0" classname="javaprogram.pattern"/>
</testsuite> <!-- Default test -->
