<?xml version="1.0" encoding="UTF-8"?>
<!-- Generated by org.testng.reporters.JUnitXMLReporter -->
<testsuite hostname="Admin_SRV-PC" ignored="0" name="Default test" tests="3" failures="0" timestamp="2022-06-02T17:10:14 IST" time="5.008" errors="0">
  <testcase name="deletem" time="3.581" classname="Restassured.deleteputnpatchmethod"/>
  <testcase name="testput" time="0.788" classname="Restassured.deleteputnpatchmethod"/>
  <testcase name="testput" time="0.562" classname="Restassured.deleteputnpatchmethod"/>
</testsuite> <!-- Default test -->
